Arguments: 
  /opt/homebrew/Cellar/node/17.3.0/bin/node /Users/jeskson/.yarn/bin/yarn.js install

PATH: 
  /Users/jeskson/.yarn/bin:/Users/jeskson/.config/yarn/global/node_modules/.bin:/opt/homebrew/bin:/opt/homebrew/sbin:/usr/local/bin:/usr/bin:/bin:/usr/sbin:/sbin:/Library/Apple/usr/bin

Yarn version: 
  1.22.17

Node version: 
  17.3.0

Platform: 
  darwin arm64

Trace: 
  Error: https://github.com/boboidream/vuepress-bar: ETIMEDOUT
      at Timeout._onTimeout (/Users/jeskson/.yarn/lib/cli.js:141543:19)
      at listOnTimeout (node:internal/timers:568:17)
      at processTimers (node:internal/timers:510:7)

npm manifest: 
  {
  	"devDependencies": {
  		"@vuepress/plugin-active-header-links": "^1.9.5",
  		"@vuepress/plugin-back-to-top": "^1.9.5",
  		"@vuepress/plugin-medium-zoom": "^1.9.5",
  		"@vuepress/plugin-nprogress": "^1.9.5",
  		"vuepress-plugin-code-copy": "^1.0.6",
  		"vuepress-plugin-dynamic-title": "^1.0.0",
  		"vuepress": "^1.9.5",
  		"vuepress-plugin-autobar": "boboidream/vuepress-bar"
  	},
  	"scripts": {
  		"docs:dev": "vuepress dev docs",
  		"docs:build": "vuepress build docs"
  	}
  }

yarn manifest: 
  No manifest

Lockfile: 
  No lockfile
